# JRE version: Java(TM) SE Runtime Environment (8.0_60-b27) (build 1.8.0_60-b27)
# Java VM: Java HotSpot(TM) 64-Bit Server VM (25.60-b23 mixed mode windows-amd64 compressed oops)
Heap:
 PSYoungGen      total 18432K, used 15315K [0x00000000ebb80000, 0x00000000f0e80000, 0x0000000100000000)
  eden space 15872K, 86% used [0x00000000ebb80000,0x00000000ec8dd588,0x00000000ecb00000)
  from space 2560K, 63% used [0x00000000ecb00000,0x00000000ecc976a0,0x00000000ecd80000)
  to   space 28672K, 0% used [0x00000000ef280000,0x00000000ef280000,0x00000000f0e80000)
 ParOldGen       total 69120K, used 39484K [0x00000000c3200000, 0x00000000c7580000, 0x00000000ebb80000)
  object space 69120K, 57% used [0x00000000c3200000,0x00000000c588f050,0x00000000c7580000)
 Metaspace       used 16855K, capacity 17532K, committed 17792K, reserved 1064960K
  class space    used 2435K, capacity 2626K, committed 2688K, reserved 1048576K
GC Heap History (10 events):
Event: 2.567 GC heap before
{Heap before GC invocations=2 (full 0):
 PSYoungGen      total 18432K, used 18192K [0x00000000ebb80000, 0x00000000ed000000, 0x0000000100000000)
  eden space 15872K, 100% used [0x00000000ebb80000,0x00000000ecb00000,0x00000000ecb00000)
  from space 2560K, 90% used [0x00000000ecb00000,0x00000000ecd44010,0x00000000ecd80000)
  to   space 2560K, 0% used [0x00000000ecd80000,0x00000000ecd80000,0x00000000ed000000)
 ParOldGen       total 42496K, used 72K [0x00000000c3200000, 0x00000000c5b80000, 0x00000000ebb80000)
  object space 42496K, 0% used [0x00000000c3200000,0x00000000c3212010,0x00000000c5b80000)
 Metaspace       used 15076K, capacity 15666K, committed 15744K, reserved 1062912K
  class space    used 2226K, capacity 2417K, committed 2432K, reserved 1048576K
Event: 2.577 GC heap after
Heap after GC invocations=2 (full 0):
 PSYoungGen      total 18432K, used 2544K [0x00000000ebb80000, 0x00000000ed000000, 0x0000000100000000)
  eden space 15872K, 0% used [0x00000000ebb80000,0x00000000ebb80000,0x00000000ecb00000)
  from space 2560K, 99% used [0x00000000ecd80000,0x00000000ecffc010,0x00000000ed000000)
  to   space 2560K, 0% used [0x00000000ecb00000,0x00000000ecb00000,0x00000000ecd80000)
 ParOldGen       total 42496K, used 1506K [0x00000000c3200000, 0x00000000c5b80000, 0x00000000ebb80000)
  object space 42496K, 3% used [0x00000000c3200000,0x00000000c3378a90,0x00000000c5b80000)
 Metaspace       used 15076K, capacity 15666K, committed 15744K, reserved 1062912K
  class space    used 2226K, capacity 2417K, committed 2432K, reserved 1048576K
}
Event: 8.651 GC heap before
{Heap before GC invocations=3 (full 0):
 PSYoungGen      total 18432K, used 17979K [0x00000000ebb80000, 0x00000000ed000000, 0x0000000100000000)
  eden space 15872K, 97% used [0x00000000ebb80000,0x00000000eca92c50,0x00000000ecb00000)
  from space 2560K, 99% used [0x00000000ecd80000,0x00000000ecffc010,0x00000000ed000000)
  to   space 2560K, 0% used [0x00000000ecb00000,0x00000000ecb00000,0x00000000ecd80000)
 ParOldGen       total 42496K, used 1506K [0x00000000c3200000, 0x00000000c5b80000, 0x00000000ebb80000)
  object space 42496K, 3% used [0x00000000c3200000,0x00000000c3378a90,0x00000000c5b80000)
 Metaspace       used 16242K, capacity 16884K, committed 17024K, reserved 1062912K
  class space    used 2375K, capacity 2562K, committed 2688K, reserved 1048576K
Event: 8.666 GC heap after
Heap after GC invocations=3 (full 0):
 PSYoungGen      total 18432K, used 2552K [0x00000000ebb80000, 0x00000000ed000000, 0x0000000100000000)
  eden space 15872K, 0% used [0x00000000ebb80000,0x00000000ebb80000,0x00000000ecb00000)
  from space 2560K, 99% used [0x00000000ecb00000,0x00000000ecd7e070,0x00000000ecd80000)
  to   space 2560K, 0% used [0x00000000ecd80000,0x00000000ecd80000,0x00000000ed000000)
 ParOldGen       total 42496K, used 29924K [0x00000000c3200000, 0x00000000c5b80000, 0x00000000ebb80000)
  object space 42496K, 70% used [0x00000000c3200000,0x00000000c4f391c0,0x00000000c5b80000)
 Metaspace       used 16242K, capacity 16884K, committed 17024K, reserved 1062912K
  class space    used 2375K, capacity 2562K, committed 2688K, reserved 1048576K
}
Event: 8.666 GC heap before
{Heap before GC invocations=4 (full 1):
 PSYoungGen      total 18432K, used 2552K [0x00000000ebb80000, 0x00000000ed000000, 0x0000000100000000)
  eden space 15872K, 0% used [0x00000000ebb80000,0x00000000ebb80000,0x00000000ecb00000)
  from space 2560K, 99% used [0x00000000ecb00000,0x00000000ecd7e070,0x00000000ecd80000)
  to   space 2560K, 0% used [0x00000000ecd80000,0x00000000ecd80000,0x00000000ed000000)
 ParOldGen       total 42496K, used 29924K [0x00000000c3200000, 0x00000000c5b80000, 0x00000000ebb80000)
  object space 42496K, 70% used [0x00000000c3200000,0x00000000c4f391c0,0x00000000c5b80000)
 Metaspace       used 16242K, capacity 16884K, committed 17024K, reserved 1062912K
  class space    used 2375K, capacity 2562K, committed 2688K, reserved 1048576K
Event: 8.715 GC heap after
Heap after GC invocations=4 (full 1):
 PSYoungGen      total 18432K, used 0K [0x00000000ebb80000, 0x00000000ed000000, 0x0000000100000000)
  eden space 15872K, 0% used [0x00000000ebb80000,0x00000000ebb80000,0x00000000ecb00000)
  from space 2560K, 0% used [0x00000000ecb00000,0x00000000ecb00000,0x00000000ecd80000)
  to   space 2560K, 0% used [0x00000000ecd80000,0x00000000ecd80000,0x00000000ed000000)
 ParOldGen       total 69120K, used 16041K [0x00000000c3200000, 0x00000000c7580000, 0x00000000ebb80000)
  object space 69120K, 23% used [0x00000000c3200000,0x00000000c41aa600,0x00000000c7580000)
 Metaspace       used 16242K, capacity 16884K, committed 17024K, reserved 1062912K
  class space    used 2375K, capacity 2562K, committed 2688K, reserved 1048576K
}
Event: 19.209 GC heap before
{Heap before GC invocations=5 (full 1):
 PSYoungGen      total 18432K, used 13170K [0x00000000ebb80000, 0x00000000ed000000, 0x0000000100000000)
  eden space 15872K, 82% used [0x00000000ebb80000,0x00000000ec85caa0,0x00000000ecb00000)
  from space 2560K, 0% used [0x00000000ecb00000,0x00000000ecb00000,0x00000000ecd80000)
  to   space 2560K, 0% used [0x00000000ecd80000,0x00000000ecd80000,0x00000000ed000000)
 ParOldGen       total 69120K, used 16041K [0x00000000c3200000, 0x00000000c7580000, 0x00000000ebb80000)
  object space 69120K, 23% used [0x00000000c3200000,0x00000000c41aa600,0x00000000c7580000)
 Metaspace       used 16810K, capacity 17468K, committed 17536K, reserved 1064960K
  class space    used 2435K, capacity 2626K, committed 2688K, reserved 1048576K
Event: 19.214 GC heap after
Heap after GC invocations=5 (full 1):
 PSYoungGen      total 18432K, used 1629K [0x00000000ebb80000, 0x00000000ed000000, 0x0000000100000000)
  eden space 15872K, 0% used [0x00000000ebb80000,0x00000000ebb80000,0x00000000ecb00000)
  from space 2560K, 63% used [0x00000000ecd80000,0x00000000ecf176a0,0x00000000ed000000)
  to   space 2560K, 0% used [0x00000000ecb00000,0x00000000ecb00000,0x00000000ecd80000)
 ParOldGen       total 69120K, used 25759K [0x00000000c3200000, 0x00000000c7580000, 0x00000000ebb80000)
  object space 69120K, 37% used [0x00000000c3200000,0x00000000c4b27e10,0x00000000c7580000)
 Metaspace       used 16810K, capacity 17468K, committed 17536K, reserved 1064960K
  class space    used 2435K, capacity 2626K, committed 2688K, reserved 1048576K
}
Event: 19.354 GC heap before
{Heap before GC invocations=6 (full 1):
 PSYoungGen      total 18432K, used 16072K [0x00000000ebb80000, 0x00000000ed000000, 0x0000000100000000)
  eden space 15872K, 90% used [0x00000000ebb80000,0x00000000ec99a978,0x00000000ecb00000)
  from space 2560K, 63% used [0x00000000ecd80000,0x00000000ecf176a0,0x00000000ed000000)
  to   space 2560K, 0% used [0x00000000ecb00000,0x00000000ecb00000,0x00000000ecd80000)
 ParOldGen       total 69120K, used 25759K [0x00000000c3200000, 0x00000000c7580000, 0x00000000ebb80000)
  object space 69120K, 37% used [0x00000000c3200000,0x00000000c4b27e10,0x00000000c7580000)
 Metaspace       used 16827K, capacity 17468K, committed 17536K, reserved 1064960K
  class space    used 2435K, capacity 2626K, committed 2688K, reserved 1048576K
Event: 19.361 GC heap after
Heap after GC invocations=6 (full 1):
 PSYoungGen      total 18432K, used 1629K [0x00000000ebb80000, 0x00000000f0e80000, 0x0000000100000000)
  eden space 15872K, 0% used [0x00000000ebb80000,0x00000000ebb80000,0x00000000ecb00000)
  from space 2560K, 63% used [0x00000000ecb00000,0x00000000ecc976a0,0x00000000ecd80000)
  to   space 28672K, 0% used [0x00000000ef280000,0x00000000ef280000,0x00000000f0e80000)
 ParOldGen       total 69120K, used 39484K [0x00000000c3200000, 0x00000000c7580000, 0x00000000ebb80000)
  object space 69120K, 57% used [0x00000000c3200000,0x00000000c588f050,0x00000000c7580000)
 Metaspace       used 16827K, capacity 17468K, committed 17536K, reserved 1064960K
  class space    used 2435K, capacity 2626K, committed 2688K, reserved 1048576K
}

